[2019-03-25 19:51:56.489][debug][command:fc0f2b62-17fe-40e6-a558-f2d4f14ac028][tid:14][com.facebook.buck.event.listener.SuperConsoleEventBusListener] Starting render scheduler (interval 100 ms)
[2019-03-25 19:51:56.490][debug][command:fc0f2b62-17fe-40e6-a558-f2d4f14ac028][tid:14][com.google.common.util.concurrent.ServiceManager] Starting PerfStatsTracking [STARTING].
[2019-03-25 19:51:56.491][debug][command:fc0f2b62-17fe-40e6-a558-f2d4f14ac028][tid:14][com.google.common.util.concurrent.ServiceManager] Starting ProcessTracker [STARTING].
[2019-03-25 19:51:56.491][debug][command:fc0f2b62-17fe-40e6-a558-f2d4f14ac028][tid:14][com.facebook.buck.cli.Main] InvocationInfo BuildId=[fc0f2b62-17fe-40e6-a558-f2d4f14ac028] Args=[install, -r, //app:bin_debug, --config-file, .okbuck/config/okbuck.buckconfig]
[2019-03-25 19:51:56.492][debug][command:null][tid:455][com.facebook.buck.util.perf.ProcessTracker] startUp
[2019-03-25 19:51:56.492][debug][command:null][tid:455][com.facebook.buck.util.perf.ProcessTracker] startUp
[2019-03-25 19:51:56.499][warn ][command:null][tid:458][com.facebook.buck.event.listener.PublicAnnouncementManager] Failed to get public announcements. Reason: Failed to establish connection to server.
[2019-03-25 19:51:56.499][warn ][command:null][tid:458][com.facebook.buck.event.listener.PublicAnnouncementManager] Failed to get public announcements. Reason: Failed to establish connection to server.
[2019-03-25 19:51:56.509][debug][command:null][tid:454][com.google.common.util.concurrent.ServiceManager] Started PerfStatsTracking [RUNNING] in 18.90 ms.
[2019-03-25 19:51:56.509][debug][command:null][tid:454][com.google.common.util.concurrent.ServiceManager] Started PerfStatsTracking [RUNNING] in 18.90 ms.
[2019-03-25 19:51:56.518][debug][command:null][tid:455][com.google.common.util.concurrent.ServiceManager] Started ProcessTracker [RUNNING] in 28.48 ms.
[2019-03-25 19:51:56.518][debug][command:null][tid:455][com.google.common.util.concurrent.ServiceManager] Started ProcessTracker [RUNNING] in 28.48 ms.
[2019-03-25 19:51:56.521][debug][command:null][tid:461][com.facebook.buck.io.watchman.WatchmanTransportClient] Query [query, /home/pedroimai/Projects/okbucktutorial, {since=c:1553552229:18655:4:20066, expression=[not, [anyof, [type, d], [dirname, .idea], [dirname, .buckd], [dirname, buck-out/cache], [dirname, buck-out/.trash], [dirname, buck-out], [match, **/*.pbxproj, wholename, {includedotfiles=true}], [match, **/*.xcscheme, wholename, {includedotfiles=true}], [match, **/*.xcworkspacedata, wholename, {includedotfiles=true}], [match, **/*~, wholename, {includedotfiles=true}], [match, **/#*#, wholename, {includedotfiles=true}], [match, **/.#*, wholename, {includedotfiles=true}], [match, **/*.swo, wholename, {includedotfiles=true}], [match, **/*.swp, wholename, {includedotfiles=true}], [match, **/*.swpx, wholename, {includedotfiles=true}], [match, **/*.un~, wholename, {includedotfiles=true}], [match, **/*.netrhwist, wholename, {includedotfiles=true}], [match, .idea, wholename, {includedotfiles=true}], [match, .iml, wholename, {includedotfiles=true}], [match, **/*.pydevproject, wholename, {includedotfiles=true}], [match, .project, wholename, {includedotfiles=true}], [match, .metadata, wholename, {includedotfiles=true}], [match, **/*.tmp, wholename, {includedotfiles=true}], [match, **/*.bak, wholename, {includedotfiles=true}], [match, **/*.nib, wholename, {includedotfiles=true}], [match, .classpath, wholename, {includedotfiles=true}], [match, .settings, wholename, {includedotfiles=true}], [match, .loadpath, wholename, {includedotfiles=true}], [match, .externalToolBuilders, wholename, {includedotfiles=true}], [match, .cproject, wholename, {includedotfiles=true}], [match, .buildpath, wholename, {includedotfiles=true}], [match, .DS_Store, wholename, {includedotfiles=true}], [match, .AppleDouble, wholename, {includedotfiles=true}], [match, .LSOverride, wholename, {includedotfiles=true}], [match, .Spotlight-V100, wholename, {includedotfiles=true}], [match, .Trashes, wholename, {includedotfiles=true}], [match, $RECYCLE.BIN, wholename, {includedotfiles=true}], [match, **/*.sublime-workspace, wholename, {includedotfiles=true}]]], empty_on_fresh_instance=true, fields=[name, exists, new]}] returned in 0 ms
[2019-03-25 19:51:56.521][debug][command:null][tid:461][com.facebook.buck.io.watchman.WatchmanTransportClient] Query [query, /home/pedroimai/Projects/okbucktutorial, {since=c:1553552229:18655:4:20066, expression=[not, [anyof, [type, d], [dirname, .idea], [dirname, .buckd], [dirname, buck-out/cache], [dirname, buck-out/.trash], [dirname, buck-out], [match, **/*.pbxproj, wholename, {includedotfiles=true}], [match, **/*.xcscheme, wholename, {includedotfiles=true}], [match, **/*.xcworkspacedata, wholename, {includedotfiles=true}], [match, **/*~, wholename, {includedotfiles=true}], [match, **/#*#, wholename, {includedotfiles=true}], [match, **/.#*, wholename, {includedotfiles=true}], [match, **/*.swo, wholename, {includedotfiles=true}], [match, **/*.swp, wholename, {includedotfiles=true}], [match, **/*.swpx, wholename, {includedotfiles=true}], [match, **/*.un~, wholename, {includedotfiles=true}], [match, **/*.netrhwist, wholename, {includedotfiles=true}], [match, .idea, wholename, {includedotfiles=true}], [match, .iml, wholename, {includedotfiles=true}], [match, **/*.pydevproject, wholename, {includedotfiles=true}], [match, .project, wholename, {includedotfiles=true}], [match, .metadata, wholename, {includedotfiles=true}], [match, **/*.tmp, wholename, {includedotfiles=true}], [match, **/*.bak, wholename, {includedotfiles=true}], [match, **/*.nib, wholename, {includedotfiles=true}], [match, .classpath, wholename, {includedotfiles=true}], [match, .settings, wholename, {includedotfiles=true}], [match, .loadpath, wholename, {includedotfiles=true}], [match, .externalToolBuilders, wholename, {includedotfiles=true}], [match, .cproject, wholename, {includedotfiles=true}], [match, .buildpath, wholename, {includedotfiles=true}], [match, .DS_Store, wholename, {includedotfiles=true}], [match, .AppleDouble, wholename, {includedotfiles=true}], [match, .LSOverride, wholename, {includedotfiles=true}], [match, .Spotlight-V100, wholename, {includedotfiles=true}], [match, .Trashes, wholename, {includedotfiles=true}], [match, $RECYCLE.BIN, wholename, {includedotfiles=true}], [match, **/*.sublime-workspace, wholename, {includedotfiles=true}]]], empty_on_fresh_instance=true, fields=[name, exists, new]}] returned in 0 ms
[2019-03-25 19:51:56.522][debug][command:null][tid:461][com.facebook.buck.io.watchman.WatchmanWatcher] Updating Watchman Cursor from c:1553552229:18655:4:20066 to c:1553552229:18655:4:20074
[2019-03-25 19:51:56.522][debug][command:null][tid:461][com.facebook.buck.io.watchman.WatchmanWatcher] Updating Watchman Cursor from c:1553552229:18655:4:20066 to c:1553552229:18655:4:20074
[2019-03-25 19:51:56.522][debug][command:null][tid:461][com.facebook.buck.io.watchman.WatchmanWatcher] Posted 0 Watchman events.
[2019-03-25 19:51:56.522][debug][command:null][tid:461][com.facebook.buck.io.watchman.WatchmanWatcher] Posted 0 Watchman events.
[2019-03-25 19:51:56.522][debug][command:null][tid:461][com.facebook.buck.io.watchman.WatchmanTransportClient] Closing Watchman transport.
[2019-03-25 19:51:56.522][debug][command:null][tid:461][com.facebook.buck.io.watchman.WatchmanTransportClient] Closing Watchman transport.
[2019-03-25 19:51:56.531][info ][command:fc0f2b62-17fe-40e6-a558-f2d4f14ac028][tid:14][com.facebook.buck.core.model.actiongraph.computation.ActionGraphProvider] ActionGraph cache hit.
[2019-03-25 19:51:56.531][debug][command:fc0f2b62-17fe-40e6-a558-f2d4f14ac028][tid:14][com.facebook.buck.core.build.engine.impl.MetadataChecker] Checking metadata_storage for /home/pedroimai/Projects/okbucktutorial
[2019-03-25 19:51:56.531][info ][command:fc0f2b62-17fe-40e6-a558-f2d4f14ac028][tid:460][com.facebook.buck.event.listener.LoggingBuildListener] Build started at 2019-03-25 19:51:56.526
[2019-03-25 19:51:56.532][debug][command:fc0f2b62-17fe-40e6-a558-f2d4f14ac028][tid:460][com.facebook.buck.event.listener.SuperConsoleEventBusListener] Action graph cache hit: Watchman reported no changes
[2019-03-25 19:51:56.586][debug][command:fc0f2b62-17fe-40e6-a558-f2d4f14ac028][tid:467][com.facebook.buck.core.build.engine.cache.manager.BuildCacheArtifactFetcher] Cache miss for '//app:bin_debug#d8,dex_merge' with rulekey '17c22544f2d65692c7e071c523c0f1fed39b1eb5'
[2019-03-25 19:51:56.593][debug][command:fc0f2b62-17fe-40e6-a558-f2d4f14ac028][tid:465][com.facebook.buck.core.build.engine.cache.manager.BuildCacheArtifactFetcher] Cache miss for '//app:app_lib_debug#d8' with rulekey '04ce82d5d892c59b832f85ffed40a671f17409b6'
[2019-03-25 19:51:56.612][debug][command:fc0f2b62-17fe-40e6-a558-f2d4f14ac028][tid:466][com.facebook.buck.core.build.engine.cache.manager.BuildCacheArtifactFetcher] Cache miss for '//app:bin_debug' with rulekey '5a43910d5e4c2bf3794e295dab7c622a1cab4de8'
[2019-03-25 19:51:56.629][debug][command:fc0f2b62-17fe-40e6-a558-f2d4f14ac028][tid:468][com.facebook.buck.core.build.engine.cache.manager.BuildCacheArtifactFetcher] Cache miss for '//app:app_lib_debug' with rulekey '8e40f7917cadcf5488ab5c394fa853e3e7309a7a'
[2019-03-25 19:51:56.639][debug][command:fc0f2b62-17fe-40e6-a558-f2d4f14ac028][tid:465][com.facebook.buck.core.build.engine.cache.manager.BuildCacheArtifactFetcher] Cache miss for '//app:app_lib_debug' with rulekey '03dcb76bbb18f0994d6a9a16c19042a4cb1de457'
[2019-03-25 19:51:56.640][debug][command:fc0f2b62-17fe-40e6-a558-f2d4f14ac028][tid:465][com.facebook.buck.core.build.engine.impl.CachingBuildRuleBuilder] Building locally: //app:app_lib_debug
[2019-03-25 19:51:56.733][debug][command:null][tid:444][com.facebook.buck.jvm.java.Jsr199JavacInvocation] javac: /home/pedroimai/Projects/okbucktutorial/app/src/main/java/com/pedroimai/okbucktutorial/AppShell.java:39: error: package com.pedroimai.libone does not exist
import com.pedroimai.libone.Contact;
                           ^
[2019-03-25 19:51:56.733][debug][command:null][tid:444][com.facebook.buck.jvm.java.Jsr199JavacInvocation] javac: /home/pedroimai/Projects/okbucktutorial/app/src/main/java/com/pedroimai/okbucktutorial/AppShell.java:39: error: package com.pedroimai.libone does not exist
import com.pedroimai.libone.Contact;
                           ^
[2019-03-25 19:51:56.733][debug][command:null][tid:444][com.facebook.buck.jvm.java.Jsr199JavacInvocation] javac: /home/pedroimai/Projects/okbucktutorial/app/src/main/java/com/pedroimai/okbucktutorial/AppShell.java:57: error: cannot find symbol
        Contact contact = new Contact();
        ^
  symbol:   class Contact
  location: class com.pedroimai.okbucktutorial.AppShell
[2019-03-25 19:51:56.733][debug][command:null][tid:444][com.facebook.buck.jvm.java.Jsr199JavacInvocation] javac: /home/pedroimai/Projects/okbucktutorial/app/src/main/java/com/pedroimai/okbucktutorial/AppShell.java:57: error: cannot find symbol
        Contact contact = new Contact();
        ^
  symbol:   class Contact
  location: class com.pedroimai.okbucktutorial.AppShell
[2019-03-25 19:51:56.733][debug][command:null][tid:444][com.facebook.buck.jvm.java.Jsr199JavacInvocation] javac: /home/pedroimai/Projects/okbucktutorial/app/src/main/java/com/pedroimai/okbucktutorial/AppShell.java:57: error: cannot find symbol
        Contact contact = new Contact();
                              ^
  symbol:   class Contact
  location: class com.pedroimai.okbucktutorial.AppShell
[2019-03-25 19:51:56.733][debug][command:null][tid:444][com.facebook.buck.jvm.java.Jsr199JavacInvocation] javac: /home/pedroimai/Projects/okbucktutorial/app/src/main/java/com/pedroimai/okbucktutorial/AppShell.java:57: error: cannot find symbol
        Contact contact = new Contact();
                              ^
  symbol:   class Contact
  location: class com.pedroimai.okbucktutorial.AppShell
[2019-03-25 19:51:56.736][debug][command:fc0f2b62-17fe-40e6-a558-f2d4f14ac028][tid:468][com.facebook.buck.core.build.engine.impl.CachingBuildRuleBuilder] Building rule [//app:app_lib_debug] failed.
com.facebook.buck.step.StepFailedException: Command failed with exit code 1.
stderr: /home/pedroimai/Projects/okbucktutorial/app/src/main/java/com/pedroimai/okbucktutorial/AppShell.java:39: error: package com.pedroimai.libone does not exist
import com.pedroimai.libone.Contact;
                           ^
/home/pedroimai/Projects/okbucktutorial/app/src/main/java/com/pedroimai/okbucktutorial/AppShell.java:57: error: cannot find symbol
        Contact contact = new Contact();
        ^
  symbol:   class Contact
  location: class com.pedroimai.okbucktutorial.AppShell
/home/pedroimai/Projects/okbucktutorial/app/src/main/java/com/pedroimai/okbucktutorial/AppShell.java:57: error: cannot find symbol
        Contact contact = new Contact();
                              ^
  symbol:   class Contact
  location: class com.pedroimai.okbucktutorial.AppShell
Errors: 3. Warnings: 0.

  When running <javac>.
	at com.facebook.buck.step.StepFailedException.createForFailingStepWithException(StepFailedException.java:57)
	at com.facebook.buck.step.StepFailedException.createForFailingStepWithExitCode(StepFailedException.java:51)
	at com.facebook.buck.step.DefaultStepRunner.runStepForBuildTarget(DefaultStepRunner.java:54)
	at com.facebook.buck.core.build.engine.impl.CachingBuildRuleBuilder$BuildRuleSteps.executeCommands(CachingBuildRuleBuilder.java:1438)
	at com.facebook.buck.core.build.engine.impl.CachingBuildRuleBuilder$BuildRuleSteps.runWithDefaultExecutor(CachingBuildRuleBuilder.java:1400)
	at com.facebook.buck.core.build.engine.impl.CachingBuildRuleBuilder$2.runWithDefaultBehavior(CachingBuildRuleBuilder.java:838)
	at com.google.common.util.concurrent.TrustedListenableFutureTask$TrustedFutureInterruptibleAsyncTask.runInterruptibly(TrustedListenableFutureTask.java:162)
	at com.google.common.util.concurrent.TrustedListenableFutureTask$TrustedFutureInterruptibleAsyncTask.runInterruptibly(TrustedListenableFutureTask.java:145)
	at com.google.common.util.concurrent.InterruptibleTask.run(InterruptibleTask.java:57)
	at com.google.common.util.concurrent.TrustedListenableFutureTask.run(TrustedListenableFutureTask.java:80)
	at com.facebook.buck.util.concurrent.WeightedListeningExecutorService.lambda$submit$2(WeightedListeningExecutorService.java:100)
	at com.facebook.buck.util.concurrent.WeightedListeningExecutorService.lambda$submitWithSemaphore$0(WeightedListeningExecutorService.java:74)
	at com.google.common.util.concurrent.AbstractTransformFuture$AsyncTransformFuture.doTransform(AbstractTransformFuture.java:206)
	at com.google.common.util.concurrent.AbstractTransformFuture$AsyncTransformFuture.doTransform(AbstractTransformFuture.java:195)
	at com.google.common.util.concurrent.AbstractTransformFuture.run(AbstractTransformFuture.java:115)
	at com.google.common.util.concurrent.MoreExecutors$5$1.run(MoreExecutors.java:999)
	at java.util.concurrent.ThreadPoolExecutor.runWorker(ThreadPoolExecutor.java:1149)
	at java.util.concurrent.ThreadPoolExecutor$Worker.run(ThreadPoolExecutor.java:624)
	at java.lang.Thread.run(Thread.java:748)
Caused by: com.facebook.buck.core.exceptions.HumanReadableException: Command failed with exit code 1.
stderr: /home/pedroimai/Projects/okbucktutorial/app/src/main/java/com/pedroimai/okbucktutorial/AppShell.java:39: error: package com.pedroimai.libone does not exist
import com.pedroimai.libone.Contact;
                           ^
/home/pedroimai/Projects/okbucktutorial/app/src/main/java/com/pedroimai/okbucktutorial/AppShell.java:57: error: cannot find symbol
        Contact contact = new Contact();
        ^
  symbol:   class Contact
  location: class com.pedroimai.okbucktutorial.AppShell
/home/pedroimai/Projects/okbucktutorial/app/src/main/java/com/pedroimai/okbucktutorial/AppShell.java:57: error: cannot find symbol
        Contact contact = new Contact();
                              ^
  symbol:   class Contact
  location: class com.pedroimai.okbucktutorial.AppShell
Errors: 3. Warnings: 0.

	at com.facebook.buck.step.StepFailedException.createForFailingStepWithExitCode(StepFailedException.java:52)
	... 17 more

[2019-03-25 19:51:56.743][info ][command:fc0f2b62-17fe-40e6-a558-f2d4f14ac028][tid:460][com.facebook.buck.event.listener.LoggingBuildListener] Build finished at 2019-03-25 19:51:56.742
[2019-03-25 19:51:56.745][debug][command:fc0f2b62-17fe-40e6-a558-f2d4f14ac028][tid:14][com.google.common.util.concurrent.ServiceManager] Service PerfStatsTracking [TERMINATED] has terminated. Previous state was: STOPPING
[2019-03-25 19:51:56.745][debug][command:fc0f2b62-17fe-40e6-a558-f2d4f14ac028][tid:455][com.facebook.buck.util.perf.ProcessTracker] shutDown
[2019-03-25 19:51:56.746][debug][command:fc0f2b62-17fe-40e6-a558-f2d4f14ac028][tid:455][com.google.common.util.concurrent.ServiceManager] Service ProcessTracker [TERMINATED] has terminated. Previous state was: STOPPING
[2019-03-25 19:51:56.746][debug][command:fc0f2b62-17fe-40e6-a558-f2d4f14ac028][tid:14][com.facebook.buck.event.listener.SuperConsoleEventBusListener] Stopping render scheduler
[2019-03-25 19:51:56.748][info ][command:fc0f2b62-17fe-40e6-a558-f2d4f14ac028][tid:14][com.facebook.buck.cli.Main] Awaiting termination of PROJECT executor service. Waiting for all jobs to complete, or up to maximum of 60 seconds...
[2019-03-25 19:51:56.748][info ][command:fc0f2b62-17fe-40e6-a558-f2d4f14ac028][tid:14][com.facebook.buck.cli.Main] Successfully terminated PROJECT executor service.
[2019-03-25 19:51:56.748][info ][command:fc0f2b62-17fe-40e6-a558-f2d4f14ac028][tid:14][com.facebook.buck.cli.Main] Awaiting termination of NETWORK executor service. Waiting for all jobs to complete, or up to maximum of 60 seconds...
[2019-03-25 19:51:56.748][info ][command:fc0f2b62-17fe-40e6-a558-f2d4f14ac028][tid:14][com.facebook.buck.cli.Main] Successfully terminated NETWORK executor service.
[2019-03-25 19:51:56.748][info ][command:fc0f2b62-17fe-40e6-a558-f2d4f14ac028][tid:14][com.facebook.buck.cli.Main] Awaiting termination of CPU executor service. Waiting for all jobs to complete, or up to maximum of 60 seconds...
[2019-03-25 19:51:56.748][info ][command:fc0f2b62-17fe-40e6-a558-f2d4f14ac028][tid:14][com.facebook.buck.cli.Main] Successfully terminated CPU executor service.
[2019-03-25 19:51:56.748][info ][command:fc0f2b62-17fe-40e6-a558-f2d4f14ac028][tid:14][com.facebook.buck.cli.Main] Awaiting termination of ScheduledExecutorService executor service. Waiting for all jobs to complete, or up to maximum of 60 seconds...
[2019-03-25 19:51:56.748][info ][command:fc0f2b62-17fe-40e6-a558-f2d4f14ac028][tid:14][com.facebook.buck.cli.Main] Successfully terminated ScheduledExecutorService executor service.
[2019-03-25 19:51:56.748][info ][command:fc0f2b62-17fe-40e6-a558-f2d4f14ac028][tid:14][com.facebook.buck.cli.Main] Awaiting termination of CounterAggregatorExecutor executor service. Waiting for all jobs to complete, or up to maximum of 20 seconds...
[2019-03-25 19:51:56.748][info ][command:fc0f2b62-17fe-40e6-a558-f2d4f14ac028][tid:14][com.facebook.buck.cli.Main] Successfully terminated CounterAggregatorExecutor executor service.
[2019-03-25 19:51:56.748][info ][command:fc0f2b62-17fe-40e6-a558-f2d4f14ac028][tid:14][com.facebook.buck.cli.Main] Awaiting termination of HTTP Read executor service. Waiting for all jobs to complete, or up to maximum of 1800 seconds...
[2019-03-25 19:51:56.748][info ][command:fc0f2b62-17fe-40e6-a558-f2d4f14ac028][tid:14][com.facebook.buck.cli.Main] Successfully terminated HTTP Read executor service.
[2019-03-25 19:51:56.748][info ][command:fc0f2b62-17fe-40e6-a558-f2d4f14ac028][tid:14][com.facebook.buck.cli.Main] Awaiting termination of Download Heavy Build HTTP Read executor service. Waiting for all jobs to complete, or up to maximum of 1800 seconds...
[2019-03-25 19:51:56.748][info ][command:fc0f2b62-17fe-40e6-a558-f2d4f14ac028][tid:14][com.facebook.buck.cli.Main] Successfully terminated Download Heavy Build HTTP Read executor service.
[2019-03-25 19:51:56.748][info ][command:fc0f2b62-17fe-40e6-a558-f2d4f14ac028][tid:14][com.facebook.buck.cli.Main] Awaiting termination of HTTP Write executor service. Waiting for all jobs to complete, or up to maximum of 1800 seconds...
[2019-03-25 19:51:56.748][info ][command:fc0f2b62-17fe-40e6-a558-f2d4f14ac028][tid:14][com.facebook.buck.cli.Main] Successfully terminated HTTP Write executor service.
[2019-03-25 19:51:56.748][info ][command:fc0f2b62-17fe-40e6-a558-f2d4f14ac028][tid:14][com.facebook.buck.cli.Main] Awaiting termination of Disk IO executor service. Waiting for all jobs to complete, or up to maximum of 10 seconds...
[2019-03-25 19:51:56.748][info ][command:fc0f2b62-17fe-40e6-a558-f2d4f14ac028][tid:14][com.facebook.buck.cli.Main] Successfully terminated Disk IO executor service.
[2019-03-25 19:51:56.749][debug][command:null][tid:40][com.facebook.buck.io.AsynchronousDirectoryContentsCleaner] Starting to clean buck-out/.trash
[2019-03-25 19:51:56.749][debug][command:null][tid:40][com.facebook.buck.io.AsynchronousDirectoryContentsCleaner] Starting to clean buck-out/.trash
[2019-03-25 19:51:56.749][debug][command:null][tid:40][com.facebook.buck.io.AsynchronousDirectoryContentsCleaner] Done cleaning buck-out/.trash
[2019-03-25 19:51:56.749][debug][command:null][tid:40][com.facebook.buck.io.AsynchronousDirectoryContentsCleaner] Done cleaning buck-out/.trash
[2019-03-25 19:51:56.759][debug][command:null][tid:225][com.facebook.buck.event.listener.ChromeTraceBuildListener] Writing Chrome trace to buck-out/log/2019-03-25_22h51m56s_installcommand_fc0f2b62-17fe-40e6-a558-f2d4f14ac028/build.2019-03-25.19-51-56.fc0f2b62-17fe-40e6-a558-f2d4f14ac028.trace
[2019-03-25 19:51:56.759][debug][command:null][tid:225][com.facebook.buck.event.listener.ChromeTraceBuildListener] Writing Chrome trace to buck-out/log/2019-03-25_22h51m56s_installcommand_fc0f2b62-17fe-40e6-a558-f2d4f14ac028/build.2019-03-25.19-51-56.fc0f2b62-17fe-40e6-a558-f2d4f14ac028.trace
[2019-03-25 19:51:56.761][warn ][command:null][tid:14][com.facebook.buck.cli.Main] Command failed:
com.facebook.buck.command.Build$BuildExecutionException: com.facebook.buck.util.exceptions.BuckUncheckedExecutionException: When building rule //app:app_lib_debug.
	at com.facebook.buck.command.Build.waitForBuildToFinish(Build.java:323)
	at com.facebook.buck.command.Build.waitForBuildToFinishAndPrintFailuresToEventBus(Build.java:421)
	at com.facebook.buck.command.Build.executeAndPrintFailuresToEventBus(Build.java:144)
	at com.facebook.buck.command.LocalBuildExecutor.buildTargets(LocalBuildExecutor.java:147)
	at com.facebook.buck.cli.BuildCommand.executeLocalBuild(BuildCommand.java:761)
	at com.facebook.buck.cli.BuildCommand.executeBuildAndProcessResult(BuildCommand.java:458)
	at com.facebook.buck.cli.BuildCommand.run(BuildCommand.java:372)
	at com.facebook.buck.cli.InstallCommand.runWithoutHelp(InstallCommand.java:224)
	at com.facebook.buck.cli.AbstractCommand.run(AbstractCommand.java:242)
	at com.facebook.buck.cli.AbstractContainerCommand.run(AbstractContainerCommand.java:79)
	at com.facebook.buck.cli.Main.runMainWithExitCode(Main.java:1299)
	at com.facebook.buck.cli.Main.runMainThenExit(Main.java:463)
	at com.facebook.buck.cli.Main.nailMain(Main.java:2395)
	at sun.reflect.NativeMethodAccessorImpl.invoke0(Native Method)
	at sun.reflect.NativeMethodAccessorImpl.invoke(NativeMethodAccessorImpl.java:62)
	at sun.reflect.DelegatingMethodAccessorImpl.invoke(DelegatingMethodAccessorImpl.java:43)
	at java.lang.reflect.Method.invoke(Method.java:498)
	at com.facebook.nailgun.NGSession.runImpl(NGSession.java:313)
	at com.facebook.nailgun.NGSession.run(NGSession.java:199)
Caused by: com.facebook.buck.util.exceptions.BuckUncheckedExecutionException: When building rule //app:app_lib_debug.
	at com.facebook.buck.core.build.engine.impl.CachingBuildRuleBuilder.addBuildRuleContextToException(CachingBuildRuleBuilder.java:1208)
	at com.facebook.buck.core.build.engine.impl.CachingBuildRuleBuilder.lambda$build$5(CachingBuildRuleBuilder.java:405)
	at com.google.common.util.concurrent.AbstractCatchingFuture$AsyncCatchingFuture.doFallback(AbstractCatchingFuture.java:172)
	at com.google.common.util.concurrent.AbstractCatchingFuture$AsyncCatchingFuture.doFallback(AbstractCatchingFuture.java:159)
	at com.google.common.util.concurrent.AbstractCatchingFuture.run(AbstractCatchingFuture.java:112)
	at com.google.common.util.concurrent.MoreExecutors$DirectExecutor.execute(MoreExecutors.java:399)
	at com.google.common.util.concurrent.AbstractFuture.executeListener(AbstractFuture.java:1016)
	at com.google.common.util.concurrent.AbstractFuture.complete(AbstractFuture.java:867)
	at com.google.common.util.concurrent.AbstractFuture.setException(AbstractFuture.java:713)
	at com.google.common.util.concurrent.AbstractTransformFuture.run(AbstractTransformFuture.java:97)
	at com.google.common.util.concurrent.MoreExecutors$5$1.run(MoreExecutors.java:999)
	at com.facebook.buck.util.concurrent.WeightedListeningExecutorService.lambda$submit$2(WeightedListeningExecutorService.java:100)
	at com.facebook.buck.util.concurrent.WeightedListeningExecutorService.lambda$submitWithSemaphore$0(WeightedListeningExecutorService.java:74)
	at com.google.common.util.concurrent.AbstractTransformFuture$AsyncTransformFuture.doTransform(AbstractTransformFuture.java:206)
	at com.google.common.util.concurrent.AbstractTransformFuture$AsyncTransformFuture.doTransform(AbstractTransformFuture.java:195)
	at com.google.common.util.concurrent.AbstractTransformFuture.run(AbstractTransformFuture.java:115)
	at com.google.common.util.concurrent.MoreExecutors$5$1.run(MoreExecutors.java:999)
	at java.util.concurrent.ThreadPoolExecutor.runWorker(ThreadPoolExecutor.java:1149)
	at java.util.concurrent.ThreadPoolExecutor$Worker.run(ThreadPoolExecutor.java:624)
	at java.lang.Thread.run(Thread.java:748)
Caused by: com.facebook.buck.step.StepFailedException: Command failed with exit code 1.
stderr: /home/pedroimai/Projects/okbucktutorial/app/src/main/java/com/pedroimai/okbucktutorial/AppShell.java:39: error: package com.pedroimai.libone does not exist
import com.pedroimai.libone.Contact;
                           ^
/home/pedroimai/Projects/okbucktutorial/app/src/main/java/com/pedroimai/okbucktutorial/AppShell.java:57: error: cannot find symbol
        Contact contact = new Contact();
        ^
  symbol:   class Contact
  location: class com.pedroimai.okbucktutorial.AppShell
/home/pedroimai/Projects/okbucktutorial/app/src/main/java/com/pedroimai/okbucktutorial/AppShell.java:57: error: cannot find symbol
        Contact contact = new Contact();
                              ^
  symbol:   class Contact
  location: class com.pedroimai.okbucktutorial.AppShell
Errors: 3. Warnings: 0.

  When running <javac>.
	at com.facebook.buck.step.StepFailedException.createForFailingStepWithException(StepFailedException.java:57)
	at com.facebook.buck.step.StepFailedException.createForFailingStepWithExitCode(StepFailedException.java:51)
	at com.facebook.buck.step.DefaultStepRunner.runStepForBuildTarget(DefaultStepRunner.java:54)
	at com.facebook.buck.core.build.engine.impl.CachingBuildRuleBuilder$BuildRuleSteps.executeCommands(CachingBuildRuleBuilder.java:1438)
	at com.facebook.buck.core.build.engine.impl.CachingBuildRuleBuilder$BuildRuleSteps.runWithDefaultExecutor(CachingBuildRuleBuilder.java:1400)
	at com.facebook.buck.core.build.engine.impl.CachingBuildRuleBuilder$2.runWithDefaultBehavior(CachingBuildRuleBuilder.java:838)
	at com.google.common.util.concurrent.TrustedListenableFutureTask$TrustedFutureInterruptibleAsyncTask.runInterruptibly(TrustedListenableFutureTask.java:162)
	at com.google.common.util.concurrent.TrustedListenableFutureTask$TrustedFutureInterruptibleAsyncTask.runInterruptibly(TrustedListenableFutureTask.java:145)
	at com.google.common.util.concurrent.InterruptibleTask.run(InterruptibleTask.java:57)
	at com.google.common.util.concurrent.TrustedListenableFutureTask.run(TrustedListenableFutureTask.java:80)
	... 9 more
Caused by: com.facebook.buck.core.exceptions.HumanReadableException: Command failed with exit code 1.
stderr: /home/pedroimai/Projects/okbucktutorial/app/src/main/java/com/pedroimai/okbucktutorial/AppShell.java:39: error: package com.pedroimai.libone does not exist
import com.pedroimai.libone.Contact;
                           ^
/home/pedroimai/Projects/okbucktutorial/app/src/main/java/com/pedroimai/okbucktutorial/AppShell.java:57: error: cannot find symbol
        Contact contact = new Contact();
        ^
  symbol:   class Contact
  location: class com.pedroimai.okbucktutorial.AppShell
/home/pedroimai/Projects/okbucktutorial/app/src/main/java/com/pedroimai/okbucktutorial/AppShell.java:57: error: cannot find symbol
        Contact contact = new Contact();
                              ^
  symbol:   class Contact
  location: class com.pedroimai.okbucktutorial.AppShell
Errors: 3. Warnings: 0.

	at com.facebook.buck.step.StepFailedException.createForFailingStepWithExitCode(StepFailedException.java:52)
	... 17 more

[2019-03-25 19:51:56.762][warn ][command:null][tid:14][com.facebook.buck.util.Console] Command failure: Command failed with exit code 1.
stderr: /home/pedroimai/Projects/okbucktutorial/app/src/main/java/com/pedroimai/okbucktutorial/AppShell.java:39: error: package com.pedroimai.libone does not exist
import com.pedroimai.libone.Contact;
                           ^
/home/pedroimai/Projects/okbucktutorial/app/src/main/java/com/pedroimai/okbucktutorial/AppShell.java:57: error: cannot find symbol
        Contact contact = new Contact();
        ^
  symbol:   class Contact
  location: class com.pedroimai.okbucktutorial.AppShell
/home/pedroimai/Projects/okbucktutorial/app/src/main/java/com/pedroimai/okbucktutorial/AppShell.java:57: error: cannot find symbol
        Contact contact = new Contact();
                              ^
  symbol:   class Contact
  location: class com.pedroimai.okbucktutorial.AppShell
Errors: 3. Warnings: 0.

    When running <javac>.
    When building rule //app:app_lib_debug.
[2019-03-25 19:51:56.762][debug][command:null][tid:14][com.facebook.buck.cli.Main] Done.
[2019-03-25 19:51:56.765][info ][command:null][tid:14][com.facebook.nailgun.NGSession] Nail cleanly exited with status 1
[2019-03-25 19:51:56.765][debug][command:null][tid:14][com.facebook.nailgun.NGCommunicator] Shutting down socket for input
[2019-03-25 19:51:56.765][debug][command:null][tid:14][com.facebook.nailgun.NGCommunicator] Shutting down socket for output
[2019-03-25 19:51:56.765][debug][command:null][tid:14][com.facebook.nailgun.NGCommunicator] Shutting down read ExecutorService
[2019-03-25 19:51:56.765][debug][command:null][tid:14][com.facebook.nailgun.NGCommunicator] Shutting down orchestrator ExecutorService
[2019-03-25 19:51:56.765][debug][command:null][tid:448][com.facebook.nailgun.NGCommunicator] Socket is disconnected
[2019-03-25 19:51:56.765][debug][command:null][tid:448][com.facebook.nailgun.NGCommunicator] Nailgun client disconnected
[2019-03-25 19:51:56.765][debug][command:null][tid:448][com.facebook.nailgun.NGCommunicator] Orchestrator thread finished
[2019-03-25 19:51:56.765][debug][command:null][tid:14][com.facebook.nailgun.NGSession] NGSession 1 is closing client socket
[2019-03-25 19:51:58.928][debug][command:null][tid:14][com.facebook.nailgun.NGSession] NGSession 1 accepted new connection
[2019-03-25 19:51:58.932][debug][command:null][tid:470][com.facebook.nailgun.NGCommunicator] Orchestrator thread started
[2019-03-25 19:51:58.932][debug][command:null][tid:14][com.facebook.nailgun.NGCommunicator] Shutting down socket for input
[2019-03-25 19:51:58.932][debug][command:null][tid:14][com.facebook.nailgun.NGCommunicator] Shutting down socket for output
[2019-03-25 19:51:58.933][debug][command:null][tid:470][com.facebook.nailgun.NGCommunicator] Socket is disconnected
[2019-03-25 19:51:58.933][debug][command:null][tid:470][com.facebook.nailgun.NGCommunicator] Nailgun client disconnected
[2019-03-25 19:51:58.933][debug][command:null][tid:470][com.facebook.nailgun.NGCommunicator] Orchestrator thread finished
[2019-03-25 19:51:58.933][debug][command:null][tid:14][com.facebook.nailgun.NGCommunicator] Shutting down read ExecutorService
[2019-03-25 19:51:58.933][debug][command:null][tid:14][com.facebook.nailgun.NGCommunicator] Shutting down orchestrator ExecutorService
[2019-03-25 19:51:58.933][debug][command:null][tid:14][com.facebook.nailgun.NGSession] NGSession 1 is closing client socket
[2019-03-25 19:51:58.938][debug][command:null][tid:14][com.facebook.nailgun.NGSession] NGSession 1 accepted new connection
[2019-03-25 19:51:58.944][debug][command:null][tid:472][com.facebook.nailgun.NGCommunicator] Orchestrator thread started
[2019-03-25 19:51:58.949][debug][command:null][tid:14][com.facebook.buck.util.config.Configs] Loading configuration for /home/pedroimai/Projects/okbucktutorial
[2019-03-25 19:51:58.949][debug][command:null][tid:14][com.facebook.buck.util.config.Configs] Loaded project configuration file /home/pedroimai/Projects/okbucktutorial/.buckconfig
[2019-03-25 19:51:58.949][debug][command:null][tid:14][com.facebook.buck.util.config.Configs] Adding configuration overrides RawConfig{values={}}
[2019-03-25 19:51:58.953][debug][command:null][tid:14][com.facebook.buck.cli.Main] Rotating log.
[2019-03-25 19:51:58.955][debug][command:null][tid:14][com.facebook.buck.cli.Main] Starting up (build date 1969-12-31 20:59:59 -0300, rev c0e4f9faf28e8d1629889e442a8efe2b52f535f6), args: [install, -r, //app:bin_Debug, --config-file, .okbuck/config/okbuck.buckconfig]
[2019-03-25 19:51:58.956][debug][command:null][tid:14][com.facebook.buck.cli.Main] System properties: {java.vendor=Oracle Corporation, sun.java.launcher=SUN_STANDARD, sun.management.compiler=HotSpot 64-Bit Tiered Compilers, jnidispatch.path=/home/pedroimai/Projects/okbucktutorial/.buckd/tmp/buck_run.ae0nP4/jna-1284272600/jna7905467968768491744.tmp, os.name=Linux, sun.boot.class.path=/usr/lib/jvm/java-8-openjdk-amd64/jre/lib/resources.jar:/usr/lib/jvm/java-8-openjdk-amd64/jre/lib/rt.jar:/usr/lib/jvm/java-8-openjdk-amd64/jre/lib/sunrsasign.jar:/usr/lib/jvm/java-8-openjdk-amd64/jre/lib/jsse.jar:/usr/lib/jvm/java-8-openjdk-amd64/jre/lib/jce.jar:/usr/lib/jvm/java-8-openjdk-amd64/jre/lib/charsets.jar:/usr/lib/jvm/java-8-openjdk-amd64/jre/lib/jfr.jar:/usr/lib/jvm/java-8-openjdk-amd64/jre/classes, user.country.format=BR, buck.module.resources=/home/pedroimai/Projects/okbucktutorial/.buckd/resources/c0e4f9faf28e8d1629889e442a8efe2b52f535f6/buck-modules-resources, pf4j.pluginsDir=/home/pedroimai/Projects/okbucktutorial/.buckd/resources/c0e4f9faf28e8d1629889e442a8efe2b52f535f6/buck-modules, buck.resource_lock_path=/home/pedroimai/Projects/okbucktutorial/.buckd/resources/c0e4f9faf28e8d1629889e442a8efe2b52f535f6/.buck_lock, sun.desktop=gnome, buck.path_to_isolated_trampoline=/home/pedroimai/Projects/okbucktutorial/.buckd/resources/c0e4f9faf28e8d1629889e442a8efe2b52f535f6/path_to_isolated_trampoline, java.vm.specification.vendor=Oracle Corporation, java.runtime.version=1.8.0_191-8u191-b12-2ubuntu0.18.04.1-b12, jna.loaded=true, buck.testrunner_classes=/home/pedroimai/Projects/okbucktutorial/.buckd/resources/c0e4f9faf28e8d1629889e442a8efe2b52f535f6/testrunner_classes, buck.logging_config_file=/home/pedroimai/Projects/okbucktutorial/.buckd/resources/c0e4f9faf28e8d1629889e442a8efe2b52f535f6/logging_config_file, buck.path_to_sh_binary_template=/home/pedroimai/Projects/okbucktutorial/.buckd/resources/c0e4f9faf28e8d1629889e442a8efe2b52f535f6/path_to_sh_binary_template, user.name=pedroimai, user.language.format=pt, com.facebook.nailgun.NGServer.outputPath=/home/pedroimai/Projects/okbucktutorial/.buckd/tmp/buck_run.ae0nP4/ngserver-out, buck.path_to_pywatchman=/home/pedroimai/Projects/okbucktutorial/.buckd/resources/c0e4f9faf28e8d1629889e442a8efe2b52f535f6/path_to_pywatchman, buck.report_generator_jar=/home/pedroimai/Projects/okbucktutorial/.buckd/resources/c0e4f9faf28e8d1629889e442a8efe2b52f535f6/report_generator_jar, buck.git_commit=c0e4f9faf28e8d1629889e442a8efe2b52f535f6, user.language=en, sun.boot.library.path=/usr/lib/jvm/java-8-openjdk-amd64/jre/lib/amd64, jna.nosys=true, java.version=1.8.0_191, user.timezone=America/Sao_Paulo, buck.test_util_no_tests_dir=true, sun.arch.data.model=64, java.endorsed.dirs=/usr/lib/jvm/java-8-openjdk-amd64/jre/lib/endorsed, sun.cpu.isalist=, sun.jnu.encoding=UTF-8, file.encoding.pkg=sun.io, file.separator=/, java.specification.name=Java Platform API Specification, buck.jacoco_agent_jar=/home/pedroimai/Projects/okbucktutorial/.buckd/resources/c0e4f9faf28e8d1629889e442a8efe2b52f535f6/jacoco_agent_jar, java.class.version=52.0, user.country=US, buck.binary_hash=c5d497a6ded8a1712e657140816688a9, java.home=/usr/lib/jvm/java-8-openjdk-amd64/jre, buck.fix_script=/home/pedroimai/Projects/okbucktutorial/.buckd/resources/c0e4f9faf28e8d1629889e442a8efe2b52f535f6/fix_script, java.vm.info=mixed mode, os.version=4.18.0-16-generic, buck.version_uid=c0e4f9faf28e8d1629889e442a8efe2b52f535f6, org.eclipse.jetty.util.log.class=org.eclipse.jetty.util.log.JavaUtilLog, path.separator=:, java.vm.version=25.191-b12, java.awt.printerjob=sun.print.PSPrinterJob, sun.io.unicode.encoding=UnicodeLittle, awt.toolkit=sun.awt.X11.XToolkit, buck.mode=package, buck.buck_build_type_info=/home/pedroimai/Projects/okbucktutorial/.buckd/resources/c0e4f9faf28e8d1629889e442a8efe2b52f535f6/buck_build_type_info, buck.dx=/home/pedroimai/Projects/okbucktutorial/.buckd/resources/c0e4f9faf28e8d1629889e442a8efe2b52f535f6/dx, buck.git_commit_timestamp=-1, user.home=/home/pedroimai, java.specification.vendor=Oracle Corporation, buck.git_dirty=0, java.library.path=/usr/java/packages/lib/amd64:/usr/lib/x86_64-linux-gnu/jni:/lib/x86_64-linux-gnu:/usr/lib/x86_64-linux-gnu:/usr/lib/jni:/lib:/usr/lib, java.vendor.url=http://java.oracle.com/, java.vm.vendor=Oracle Corporation, java.runtime.name=OpenJDK Runtime Environment, sun.java.command=com.facebook.buck.cli.bootstrapper.ClassLoaderBootstrapper com.facebook.buck.cli.Main$DaemonBootstrap local:.buckd/sock 180000, java.class.path=/home/pedroimai/Projects/okbucktutorial/.buckd/resources/c0e4f9faf28e8d1629889e442a8efe2b52f535f6/bootstrapper_jar, buck.buckd_dir=/home/pedroimai/Projects/okbucktutorial/.buckd, buck.path_to_pathlib_py=/home/pedroimai/Projects/okbucktutorial/.buckd/resources/c0e4f9faf28e8d1629889e442a8efe2b52f535f6/pathlib.py, buck.buckd_launch_time_nanos=12809163343096, java.vm.specification.name=Java Virtual Machine Specification, java.vm.specification.version=1.8, sun.cpu.endian=little, sun.os.patch.level=unknown, java.awt.headless=true, java.io.tmpdir=/home/pedroimai/Projects/okbucktutorial/.buckd/tmp/buck_run.ae0nP4, buck.android_agent_path=/home/pedroimai/Projects/okbucktutorial/.buckd/resources/c0e4f9faf28e8d1629889e442a8efe2b52f535f6/android_agent_path, java.vendor.url.bug=http://bugreport.sun.com/bugreport/, buck.path_to_python_dsl=, jna.platform.library.path=/usr/lib/x86_64-linux-gnu:/lib/x86_64-linux-gnu:/lib64:/usr/lib:/lib:/usr/lib/x86_64-linux-gnu/libfakeroot, os.arch=amd64, java.awt.graphicsenv=sun.awt.X11GraphicsEnvironment, java.ext.dirs=/usr/lib/jvm/java-8-openjdk-amd64/jre/lib/ext:/usr/java/packages/lib/ext, java.util.logging.config.class=com.facebook.buck.cli.bootstrapper.LogConfig, buck.path_to_six_py=/home/pedroimai/Projects/okbucktutorial/.buckd/resources/c0e4f9faf28e8d1629889e442a8efe2b52f535f6/six.py, user.dir=/home/pedroimai/Projects/okbucktutorial, java.nio.file.spi.DefaultFileSystemProvider=com.facebook.buck.cli.bootstrapper.filesystem.BuckFileSystemProvider, line.separator=
, java.vm.name=OpenJDK 64-Bit Server VM, buck.path_to_typing=/home/pedroimai/Projects/okbucktutorial/.buckd/resources/c0e4f9faf28e8d1629889e442a8efe2b52f535f6/path_to_typing, buck.native_exopackage_fake_path=/home/pedroimai/Projects/okbucktutorial/.buckd/resources/c0e4f9faf28e8d1629889e442a8efe2b52f535f6/native_exopackage_fake_path, file.encoding=UTF-8, java.specification.version=1.8}
[2019-03-25 19:51:58.956][debug][command:null][tid:14][com.facebook.buck.util.config.Configs] Loaded a configuration file /home/pedroimai/Projects/okbucktutorial/.okbuck/config/okbuck.buckconfig: {android={build_tools_version=28.0.2, target=android-28}, kotlin={kotlin_home=//.okbuck/workspace/kotlin_home:kotlin_home}, tools={proguard=//.okbuck/ext/net/sf/proguard:proguard-base.jar}}
[2019-03-25 19:51:58.956][debug][command:null][tid:14][com.facebook.buck.util.config.Configs] Loaded a configuration file .okbuck/config/okbuck.buckconfig, {android={build_tools_version=28.0.2, target=android-28}, kotlin={kotlin_home=//.okbuck/workspace/kotlin_home:kotlin_home}, tools={proguard=//.okbuck/ext/net/sf/proguard:proguard-base.jar}}
[2019-03-25 19:51:58.957][debug][command:null][tid:14][com.facebook.buck.util.config.Configs] Loading configuration for /home/pedroimai/Projects/okbucktutorial
[2019-03-25 19:51:58.957][debug][command:null][tid:14][com.facebook.buck.util.config.Configs] Loaded project configuration file /home/pedroimai/Projects/okbucktutorial/.buckconfig
[2019-03-25 19:51:58.957][debug][command:null][tid:14][com.facebook.buck.util.config.Configs] Adding configuration overrides RawConfig{values={android={build_tools_version=28.0.2, target=android-28}, kotlin={kotlin_home=//.okbuck/workspace/kotlin_home:kotlin_home}, tools={proguard=//.okbuck/ext/net/sf/proguard:proguard-base.jar}}}
[2019-03-25 19:51:58.958][info ][command:null][tid:14][com.facebook.buck.io.watchman.WatchmanFactory] Creating for: [/home/pedroimai/Projects/okbucktutorial]
[2019-03-25 19:51:58.958][debug][command:null][tid:14][com.facebook.buck.io.ExecutableFinder] Executable 'watchman' mapped to 'Optional[/usr/local/bin/watchman]'
[2019-03-25 19:51:58.958][debug][command:null][tid:14][com.facebook.buck.util.ListeningProcessExecutor] Launching process with params ProcessExecutorParams{command=[/usr/local/bin/watchman, --output-encoding=bser, get-sockname]}
[2019-03-25 19:51:58.959][debug][command:null][tid:14][com.facebook.buck.util.ListeningProcessExecutor] Successfully launched process com.zaxxer.nuprocess.linux.LinuxProcess@1cdf22d9
[2019-03-25 19:51:58.959][debug][command:null][tid:14][com.facebook.buck.util.ListeningProcessExecutor] Waiting for process com.facebook.buck.util.ListeningProcessExecutor$LaunchedProcessImpl@603bafcd timeout 1000000000 NANOSECONDS
[2019-03-25 19:51:58.961][debug][command:null][tid:14][com.facebook.buck.util.ListeningProcessExecutor] Wait for process returned 0
[2019-03-25 19:51:58.961][debug][command:null][tid:14][com.facebook.buck.io.watchman.WatchmanFactory] Waited 1 ms for Watchman command get-sockname, exit code 0
[2019-03-25 19:51:58.961][debug][command:null][tid:14][com.facebook.buck.io.watchman.WatchmanFactory] stdout of command: {sockname=/usr/local/var/run/watchman/pedroimai-state/sock, version=4.9.0}
[2019-03-25 19:51:58.961][info ][command:null][tid:14][com.facebook.buck.io.watchman.WatchmanFactory] Connecting to Watchman version 4.9.0 at /usr/local/var/run/watchman/pedroimai-state/sock
[2019-03-25 19:51:58.961][debug][command:null][tid:14][com.facebook.buck.io.watchman.WatchmanTransportClient] Query [version, {required=[cmd-watch-project], optional=[term-dirname, cmd-watch-project, wildmatch, wildmatch_multislash, glob_generator, clock-sync-timeout]}] returned in 0 ms
[2019-03-25 19:51:58.962][info ][command:null][tid:14][com.facebook.buck.io.watchman.WatchmanFactory] Took 0 ms to query capabilities {term-dirname=DIRNAME, cmd-watch-project=SUPPORTS_PROJECT_WATCH, wildmatch=WILDMATCH_GLOB, wildmatch_multislash=WILDMATCH_MULTISLASH, glob_generator=GLOB_GENERATOR, clock-sync-timeout=CLOCK_SYNC_TIMEOUT}
[2019-03-25 19:51:58.962][debug][command:null][tid:14][com.facebook.buck.io.watchman.WatchmanFactory] Got capabilities response: {clock-sync-timeout=true, glob_generator=true, wildmatch_multislash=false, wildmatch=true, cmd-watch-project=true, term-dirname=true}
[2019-03-25 19:51:58.962][debug][command:null][tid:14][com.facebook.buck.io.watchman.WatchmanFactory] Got Watchman capabilities: [CLOCK_SYNC_TIMEOUT, GLOB_GENERATOR, WILDMATCH_GLOB, SUPPORTS_PROJECT_WATCH, DIRNAME]
[2019-03-25 19:51:58.962][info ][command:null][tid:14][com.facebook.buck.io.watchman.WatchmanFactory] Adding watchman root: /home/pedroimai/Projects/okbucktutorial
[2019-03-25 19:51:58.962][debug][command:null][tid:14][com.facebook.buck.io.watchman.WatchmanTransportClient] Query [watch-project, /home/pedroimai/Projects/okbucktutorial] returned in 0 ms
[2019-03-25 19:51:58.963][debug][command:null][tid:14][com.facebook.buck.io.watchman.WatchmanTransportClient] Query [watch-project, /home/pedroimai/Projects/okbucktutorial] returned in 0 ms
[2019-03-25 19:51:58.963][info ][command:null][tid:14][com.facebook.buck.io.watchman.WatchmanFactory] Took 1 ms to add root /home/pedroimai/Projects/okbucktutorial
[2019-03-25 19:51:58.963][debug][command:null][tid:14][com.facebook.buck.io.watchman.WatchmanTransportClient] Query [clock, /home/pedroimai/Projects/okbucktutorial, {sync_timeout=100}] returned in 0 ms
[2019-03-25 19:51:58.963][info ][command:null][tid:14][com.facebook.buck.io.watchman.WatchmanFactory] Took 0 ms to query for initial clock id Optional[c:1553552229:18655:4:20080]
[2019-03-25 19:51:58.963][debug][command:null][tid:14][com.facebook.buck.io.watchman.WatchmanFactory] Connected to Watchman
[2019-03-25 19:51:58.963][debug][command:null][tid:14][com.facebook.buck.io.watchman.WatchmanTransportClient] Closing Watchman transport.
[2019-03-25 19:51:58.964][debug][command:null][tid:14][com.facebook.buck.cli.Main] Watchman capabilities: [CLOCK_SYNC_TIMEOUT, GLOB_GENERATOR, WILDMATCH_GLOB, SUPPORTS_PROJECT_WATCH, DIRNAME] Project watches: {/home/pedroimai/Projects/okbucktutorial=ProjectWatch{watchRoot=/home/pedroimai/Projects/okbucktutorial}} Glob handler config: PYTHON Query timeout ms config: Optional.empty
[2019-03-25 19:51:58.964][debug][command:null][tid:14][com.facebook.buck.util.config.Configs] Loaded a configuration file /home/pedroimai/Projects/okbucktutorial/.okbuck/config/okbuck.buckconfig: {android={build_tools_version=28.0.2, target=android-28}, kotlin={kotlin_home=//.okbuck/workspace/kotlin_home:kotlin_home}, tools={proguard=//.okbuck/ext/net/sf/proguard:proguard-base.jar}}
[2019-03-25 19:51:58.964][debug][command:null][tid:14][com.facebook.buck.util.config.Configs] Loaded a configuration file .okbuck/config/okbuck.buckconfig, {android={build_tools_version=28.0.2, target=android-28}, kotlin={kotlin_home=//.okbuck/workspace/kotlin_home:kotlin_home}, tools={proguard=//.okbuck/ext/net/sf/proguard:proguard-base.jar}}
[2019-03-25 19:51:58.965][warn ][command:null][tid:14][com.facebook.buck.apple.AppleConfig] Could not execute xcode-select, continuing without developer dir.
[2019-03-25 19:51:58.965][warn ][command:null][tid:14][com.facebook.buck.core.toolchain.impl.DefaultToolchainProvider] Cannot create a toolchain: android-ndk-location. Cause: Android NDK could not be found. Make sure to set one of these  environment variables: ANDROID_NDK_REPOSITORY, ANDROID_NDK, or NDK_HOME or ndk.ndk_path or ndk.ndk_repository_path in your .buckconfig
